Reading text file from: /home/jami/TextGenerationWithLSTM/data/49010-0.txt
Done.
Epoch: 0/50...
 Training Loss: 2.1892...
 Perplex Loss: 8.9283...

Epoch: 1/50...
 Training Loss: 1.8525...
 Perplex Loss: 6.3756...

Epoch: 2/50...
 Training Loss: 1.6398...
 Perplex Loss: 5.1540...

Epoch: 3/50...
 Training Loss: 1.5031...
 Perplex Loss: 4.4958...

Epoch: 4/50...
 Training Loss: 1.3828...
 Perplex Loss: 3.9862...

Epoch: 5/50...
 Training Loss: 1.2746...
 Perplex Loss: 3.5771...

Epoch: 6/50...
 Training Loss: 1.1928...
 Perplex Loss: 3.2964...

Epoch: 7/50...
 Training Loss: 1.1072...
 Perplex Loss: 3.0258...

Epoch: 8/50...
 Training Loss: 1.0169...
 Perplex Loss: 2.7645...

Epoch: 9/50...
 Training Loss: 0.9268...
 Perplex Loss: 2.5264...

Epoch: 10/50...
 Training Loss: 0.8462...
 Perplex Loss: 2.3308...

Epoch: 11/50...
 Training Loss: 0.7733...
 Perplex Loss: 2.1668...

Epoch: 12/50...
 Training Loss: 0.6988...
 Perplex Loss: 2.0113...

Epoch: 13/50...
 Training Loss: 0.5770...
 Perplex Loss: 1.7806...

Epoch: 14/50...
 Training Loss: 0.5039...
 Perplex Loss: 1.6552...

Epoch: 15/50...
 Training Loss: 0.4065...
 Perplex Loss: 1.5016...

Epoch: 16/50...
 Training Loss: 0.3670...
 Perplex Loss: 1.4433...

Epoch: 17/50...
 Training Loss: 0.3073...
 Perplex Loss: 1.3598...

Epoch: 18/50...
 Training Loss: 0.2529...
 Perplex Loss: 1.2877...

Epoch: 19/50...
 Training Loss: 0.1889...
 Perplex Loss: 1.2079...

Epoch: 20/50...
 Training Loss: 0.1670...
 Perplex Loss: 1.1818...

Epoch: 21/50...
 Training Loss: 0.1327...
 Perplex Loss: 1.1419...

Epoch: 22/50...
 Training Loss: 0.1215...
 Perplex Loss: 1.1292...

Epoch: 23/50...
 Training Loss: 0.0995...
 Perplex Loss: 1.1046...

Epoch: 24/50...
 Training Loss: 0.0781...
 Perplex Loss: 1.0812...

Epoch: 25/50...
 Training Loss: 0.0619...
 Perplex Loss: 1.0639...

Epoch: 26/50...
 Training Loss: 0.0486...
 Perplex Loss: 1.0498...

Epoch: 27/50...
 Training Loss: 0.0389...
 Perplex Loss: 1.0397...

Epoch: 28/50...
 Training Loss: 0.0283...
 Perplex Loss: 1.0287...

Epoch: 29/50...
 Training Loss: 0.0235...
 Perplex Loss: 1.0238...

Epoch: 30/50...
 Training Loss: 0.0234...
 Perplex Loss: 1.0237...

Epoch: 31/50...
 Training Loss: 0.0206...
 Perplex Loss: 1.0208...

Epoch: 32/50...
 Training Loss: 0.0198...
 Perplex Loss: 1.0200...

Epoch: 33/50...
 Training Loss: 0.0148...
 Perplex Loss: 1.0149...

Epoch: 34/50...
 Training Loss: 0.0118...
 Perplex Loss: 1.0119...

Epoch: 35/50...
 Training Loss: 0.0100...
 Perplex Loss: 1.0101...

Epoch: 36/50...
 Training Loss: 0.0112...
 Perplex Loss: 1.0112...

Epoch: 37/50...
 Training Loss: 0.0126...
 Perplex Loss: 1.0127...

Epoch: 38/50...
 Training Loss: 0.0094...
 Perplex Loss: 1.0095...

Epoch: 39/50...
 Training Loss: 0.0073...
 Perplex Loss: 1.0073...

Epoch: 40/50...
 Training Loss: 0.0061...
 Perplex Loss: 1.0061...

Epoch: 41/50...
 Training Loss: 0.0058...
 Perplex Loss: 1.0058...

Epoch: 42/50...
 Training Loss: 0.0053...
 Perplex Loss: 1.0053...

Epoch: 43/50...
 Training Loss: 0.0047...
 Perplex Loss: 1.0048...

Epoch: 44/50...
 Training Loss: 0.0035...
 Perplex Loss: 1.0035...

Epoch: 45/50...
 Training Loss: 0.0036...
 Perplex Loss: 1.0036...

Epoch: 46/50...
 Training Loss: 0.0031...
 Perplex Loss: 1.0031...

Epoch: 47/50...
 Training Loss: 0.0029...
 Perplex Loss: 1.0029...

Epoch: 48/50...
 Training Loss: 0.0026...
 Perplex Loss: 1.0026...

Epoch: 49/50...
 Training Loss: 0.0022...
 Perplex Loss: 1.0022...

